
> stub@0.1.0 start /var/www/saraahmadimajd/survey/shapesgame
> react-scripts start

Attempting to bind to HOST environment variable: 0.0.0.0
If this was unintentional, check that you haven't mistakenly set it in your shell.
Learn more here: https://bit.ly/CRA-advanced-config

[34mℹ[39m [90m｢wds｣[39m: Project is running at http://0.0.0.0:3000/
[34mℹ[39m [90m｢wds｣[39m: webpack output is served from 
[34mℹ[39m [90m｢wds｣[39m: Content not from webpack is served from /var/www/saraahmadimajd/survey/shapesgame/public
[34mℹ[39m [90m｢wds｣[39m: 404s will fallback to /
Setting NODE_PATH to resolve modules absolutely has been deprecated in favor of setting baseUrl in jsconfig.json (or tsconfig.json if you are using TypeScript) and will be removed in a future major release of create-react-app.

Starting the development server...

events.js:174
      throw er; // Unhandled 'error' event
      ^

Error: EBADF: bad file descriptor, read
Emitted 'error' event at:
    at lazyFs.read (internal/fs/streams.js:165:12)
    at FSReqWrap.wrapper [as oncomplete] (fs.js:467:17)
npm ERR! code ELIFECYCLE
npm ERR! errno 1
npm ERR! stub@0.1.0 start: `react-scripts start`
npm ERR! Exit status 1
npm ERR! 
npm ERR! Failed at the stub@0.1.0 start script.
npm ERR! This is probably not a problem with npm. There is likely additional logging output above.

npm ERR! A complete log of this run can be found in:
npm ERR!     /home/sara/.npm/_logs/2021-11-25T16_08_17_877Z-debug.log
